#
# There is insufficient memory for the Java Runtime Environment to continue.
# Native memory allocation (mmap) failed to map 134217728 bytes for Failed to commit area from 0x0000000081600000 to 0x0000000089600000 of length 134217728.
# Possible reasons:
#   The system is out of physical RAM or swap space
#   The process is running with CompressedOops enabled, and the Java Heap may be blocking the growth of the native heap
# Possible solutions:
#   Reduce memory load on the system
#   Increase physical memory or swap space
#   Check if swap backing store is full
#   Decrease Java heap size (-Xmx/-Xms)
#   Decrease number of Java threads
#   Decrease Java thread stack sizes (-Xss)
#   Set larger code cache with -XX:ReservedCodeCacheSize=
# This output file may be truncated or incomplete.
#
#  Out of Memory Error (t:/workspace/open/src/hotspot/os/windows/os_windows.cpp:3269), pid=4844, tid=13120
#
# JRE version:  (11.0.2+9) (build )
# Java VM: Java HotSpot(TM) 64-Bit Server VM (11.0.2+9-LTS, mixed mode, aot, sharing, tiered, compressed oops, g1 gc, windows-amd64)
# No core dump will be written. Minidumps are not enabled by default on client versions of Windows
#

---------------  S U M M A R Y ------------

Command Line: com.zoorestapi.zoo.ZooApplication

Host: Intel(R) Core(TM) i5-5200U CPU @ 2.20GHz, 4 cores, 7G,  Windows 10 , 64 bit Build 19041 (10.0.19041.1466)
Time: Tue Feb  1 22:33:53 2022 India Standard Time elapsed time: 0 seconds (0d 0h 0m 0s)

---------------  T H R E A D  ---------------

Current thread (0x000001ac2b9ee800):  JavaThread "Unknown thread" [_thread_in_vm, id=13120, stack(0x0000001fda200000,0x0000001fda300000)]

Stack: [0x0000001fda200000,0x0000001fda300000]
Native frames: (J=compiled Java code, j=interpreted, Vv=VM code, C=native code)
V  [jvm.dll+0x63574a]
V  [jvm.dll+0x77326f]
V  [jvm.dll+0x77491a]
V  [jvm.dll+0x774fd3]
V  [jvm.dll+0x25e418]
V  [jvm.dll+0x632c0a]
V  [jvm.dll+0x627645]
V  [jvm.dll+0x314e7c]
V  [jvm.dll+0x314d02]
V  [jvm.dll+0x31a576]
V  [jvm.dll+0x36635f]
V  [jvm.dll+0x365d80]
V  [jvm.dll+0x2f19f8]
V  [jvm.dll+0x2f2b56]
V  [jvm.dll+0x74c817]
V  [jvm.dll+0x74df5f]
V  [jvm.dll+0x373179]
V  [jvm.dll+0x732eb9]
V  [jvm.dll+0x3e295d]
V  [jvm.dll+0x3e4c61]
C  [java.exe+0x3607]
C  [java.exe+0x178dc]
C  [KERNEL32.DLL+0x17034]
C  [ntdll.dll+0x52651]


---------------  P R O C E S S  ---------------

Threads class SMR info:
_java_thread_list=0x000001ac2b910900, length=0, elements={
}

Java Threads: ( => current thread )

Other Threads:
  0x000001ac2daaa800 GCTaskThread "GC Thread#0" [stack: 0x0000001fda300000,0x0000001fda400000] [id=5600]
  0x000001ac2dadb800 ConcurrentGCThread "G1 Main Marker" [stack: 0x0000001fda400000,0x0000001fda500000] [id=7428]
  0x000001ac2dadd800 ConcurrentGCThread "G1 Conc#0" [stack: 0x0000001fda500000,0x0000001fda600000] [id=2532]

[error occurred during error reporting (printing all threads), id 0xc0000005, EXCEPTION_ACCESS_VIOLATION (0xc0000005) at pc=0x00007ffaa28c0197]

VM state:not at safepoint (not fully initialized)

VM Mutex/Monitor currently owned by a thread:  ([mutex/lock_event])
[0x000001ac2da91a00] Heap_lock - owner thread: 0x000001ac2b9ee800

Heap address: 0x0000000081600000, size: 2026 MB, Compressed Oops mode: Non-zero based: 0x0000000081600000
Narrow klass base: 0x0000000000000000, Narrow klass shift: 0

GC Heap History (0 events):
No events

Deoptimization events (0 events):
No events

Classes redefined (0 events):
No events

Internal exceptions (0 events):
No events

Events (0 events):
No events


Dynamic libraries:
0x00007ff7be030000 - 0x00007ff7be077000 	C:\Program Files\Java\jdk-11.0.2\bin\java.exe
0x00007ffae0690000 - 0x00007ffae0885000 	C:\WINDOWS\SYSTEM32\ntdll.dll
0x00007ffadec50000 - 0x00007ffaded0e000 	C:\WINDOWS\System32\KERNEL32.DLL
0x00007ffade0c0000 - 0x00007ffade388000 	C:\WINDOWS\System32\KERNELBASE.dll
0x00007ffadf230000 - 0x00007ffadf2de000 	C:\WINDOWS\System32\ADVAPI32.dll
0x00007ffadf4b0000 - 0x00007ffadf54e000 	C:\WINDOWS\System32\msvcrt.dll
0x00007ffadf410000 - 0x00007ffadf4ac000 	C:\WINDOWS\System32\sechost.dll
0x00007ffadf790000 - 0x00007ffadf8b5000 	C:\WINDOWS\System32\RPCRT4.dll
0x00007ffadf5e0000 - 0x00007ffadf781000 	C:\WINDOWS\System32\USER32.dll
0x00007ffaddda0000 - 0x00007ffadddc2000 	C:\WINDOWS\System32\win32u.dll
0x00007ffadf190000 - 0x00007ffadf1bb000 	C:\WINDOWS\System32\GDI32.dll
0x00007ffaddfb0000 - 0x00007ffade0bd000 	C:\WINDOWS\System32\gdi32full.dll
0x00007ffaddf10000 - 0x00007ffaddfad000 	C:\WINDOWS\System32\msvcp_win.dll
0x00007ffade4f0000 - 0x00007ffade5f0000 	C:\WINDOWS\System32\ucrtbase.dll
0x00007ffacdc50000 - 0x00007ffacdeea000 	C:\WINDOWS\WinSxS\amd64_microsoft.windows.common-controls_6595b64144ccf1df_6.0.19041.1110_none_60b5254171f9507e\COMCTL32.dll
0x00007ffaccff0000 - 0x00007ffaccffa000 	C:\WINDOWS\SYSTEM32\VERSION.dll
0x00007ffadf8f0000 - 0x00007ffadf920000 	C:\WINDOWS\System32\IMM32.DLL
0x00007ffad7170000 - 0x00007ffad7186000 	C:\Program Files\Java\jdk-11.0.2\bin\vcruntime140.dll
0x00007ffac7ef0000 - 0x00007ffac7f9a000 	C:\Program Files\Java\jdk-11.0.2\bin\msvcp140.dll
0x00007ffaa25c0000 - 0x00007ffaa30e7000 	C:\Program Files\Java\jdk-11.0.2\bin\server\jvm.dll
0x00007ffadf8c0000 - 0x00007ffadf8c8000 	C:\WINDOWS\System32\PSAPI.DLL
0x00007ffad9c00000 - 0x00007ffad9c09000 	C:\WINDOWS\SYSTEM32\WSOCK32.dll
0x00007ffadf1c0000 - 0x00007ffadf22b000 	C:\WINDOWS\System32\WS2_32.dll
0x00007ffac6540000 - 0x00007ffac6567000 	C:\WINDOWS\SYSTEM32\WINMM.dll
0x00007ffadbc70000 - 0x00007ffadbc82000 	C:\WINDOWS\SYSTEM32\kernel.appcore.dll
0x00007ffad70a0000 - 0x00007ffad70b1000 	C:\Program Files\Java\jdk-11.0.2\bin\verify.dll
0x00007ffacb0e0000 - 0x00007ffacb2c4000 	C:\WINDOWS\SYSTEM32\DBGHELP.DLL
0x00007ffacad40000 - 0x00007ffacad6c000 	C:\WINDOWS\SYSTEM32\dbgcore.DLL
0x00007ffade640000 - 0x00007ffade6c2000 	C:\WINDOWS\System32\bcryptPrimitives.dll
0x00007fface010000 - 0x00007fface039000 	C:\Program Files\Java\jdk-11.0.2\bin\java.dll
0x00007ffacdf50000 - 0x00007ffacdf66000 	C:\Program Files\Java\jdk-11.0.2\bin\zip.dll
0x00007ffad7f60000 - 0x00007ffad7f6a000 	C:\Program Files\Java\jdk-11.0.2\bin\jimage.dll

dbghelp: loaded successfully - version: 4.0.5 - missing functions: none
symbol engine: initialized successfully - sym options: 0x614 - pdb path: .;C:\Program Files\Java\jdk-11.0.2\bin;C:\WINDOWS\SYSTEM32;C:\WINDOWS\WinSxS\amd64_microsoft.windows.common-controls_6595b64144ccf1df_6.0.19041.1110_none_60b5254171f9507e;C:\Program Files\Java\jdk-11.0.2\bin\server

VM Arguments:
java_command: com.zoorestapi.zoo.ZooApplication
java_class_path (initial): C:\Users\pankaj menariya\SpringBootProjects\zoo\target\classes;C:\Users\pankaj menariya\.m2\repository\org\springframework\boot\spring-boot-starter-data-mongodb\2.6.3\spring-boot-starter-data-mongodb-2.6.3.jar;C:\Users\pankaj menariya\.m2\repository\org\springframework\boot\spring-boot-starter\2.6.3\spring-boot-starter-2.6.3.jar;C:\Users\pankaj menariya\.m2\repository\org\springframework\boot\spring-boot-starter-logging\2.6.3\spring-boot-starter-logging-2.6.3.jar;C:\Users\pankaj menariya\.m2\repository\ch\qos\logback\logback-classic\1.2.10\logback-classic-1.2.10.jar;C:\Users\pankaj menariya\.m2\repository\ch\qos\logback\logback-core\1.2.10\logback-core-1.2.10.jar;C:\Users\pankaj menariya\.m2\repository\org\apache\logging\log4j\log4j-to-slf4j\2.17.1\log4j-to-slf4j-2.17.1.jar;C:\Users\pankaj menariya\.m2\repository\org\apache\logging\log4j\log4j-api\2.17.1\log4j-api-2.17.1.jar;C:\Users\pankaj menariya\.m2\repository\org\slf4j\jul-to-slf4j\1.7.33\jul-to-slf4j-1.7.33.jar;C:\Users\pankaj menariya\.m2\repository\jakarta\annotation\jakarta.annotation-api\1.3.5\jakarta.annotation-api-1.3.5.jar;C:\Users\pankaj menariya\.m2\repository\org\yaml\snakeyaml\1.29\snakeyaml-1.29.jar;C:\Users\pankaj menariya\.m2\repository\org\mongodb\mongodb-driver-sync\4.4.1\mongodb-driver-sync-4.4.1.jar;C:\Users\pankaj menariya\.m2\repository\org\mongodb\bson\4.4.1\bson-4.4.1.jar;C:\Users\pankaj menariya\.m2\repository\org\mongodb\mongodb-driver-core\4.4.1\mongodb-driver-core-4.4.1.jar;C:\Users\pankaj menariya\.m2\repository\org\springframework\data\spring-data-mongodb\3.3.1\spring-data-mongodb-3.3.1.jar;C:\Users\pankaj menariya\.m2\repository\org\springframework\spring-tx\5.3.15\spring-tx-5.3.15.jar;C:\Users\pankaj menariya\.m2\repository\org\springframework\spring-context\5.3.15\spring-context-5.3.15.jar;C:\Users\pankaj menariya\.m2\repository\org\springframework\spring-beans\5.3.15\spring-beans-5.3.15.jar;C:\Users\pankaj menariya\.m2\repository\org\springframework\
Launcher Type: SUN_STANDARD

[Global flags]
     intx CICompilerCount                          = 3                                         {product} {ergonomic}
     uint ConcGCThreads                            = 1                                         {product} {ergonomic}
     uint G1ConcRefinementThreads                  = 4                                         {product} {ergonomic}
   size_t G1HeapRegionSize                         = 1048576                                   {product} {ergonomic}
    uintx GCDrainStackTargetSize                   = 64                                        {product} {ergonomic}
   size_t InitialHeapSize                          = 134217728                                 {product} {ergonomic}
   size_t MarkStackSize                            = 4194304                                   {product} {ergonomic}
   size_t MaxHeapSize                              = 2124414976                                {product} {ergonomic}
   size_t MinHeapDeltaBytes                        = 1048576                                   {product} {ergonomic}
    uintx NonNMethodCodeHeapSize                   = 5830092                                {pd product} {ergonomic}
    uintx NonProfiledCodeHeapSize                  = 122914074                              {pd product} {ergonomic}
    uintx ProfiledCodeHeapSize                     = 122914074                              {pd product} {ergonomic}
    uintx ReservedCodeCacheSize                    = 251658240                              {pd product} {ergonomic}
     bool SegmentedCodeCache                       = true                                      {product} {ergonomic}
     bool UseCompressedClassPointers               = true                                 {lp64_product} {ergonomic}
     bool UseCompressedOops                        = true                                 {lp64_product} {ergonomic}
     bool UseG1GC                                  = true                                      {product} {ergonomic}
     bool UseLargePagesIndividualAllocation        = false                                  {pd product} {ergonomic}

Logging:
Log output configuration:
 #0: stdout all=warning uptime,level,tags
 #1: stderr all=off uptime,level,tags

Environment Variables:
JAVA_HOME=C:\Program Files\Java\jdk-11.0.2
PATH=C:\Program Files\Eclipse Adoptium\jdk-11.0.14.9-hotspot\bin;C:\Program Files (x86)\Common Files\Oracle\Java\javapath;C:\Program Files\Java\jdk-11.0.2\bin;C:\Program Files\nodejs\;C:\Program Files\Git\cmd;C:\Users\pankaj menariya\AppData\Local\Microsoft\WindowsApps;C:\Program Files\Java\jdk-11.0.1\bin;C:\Program Files\Intel\WiFi\bin\;C:\Program Files\Common Files\Intel\WirelessCommon\;C:\Users\pankaj menariya\AppData\Local\GitHubDesktop\bin;C:\Users\pankaj menariya\AppData\Local\Microsoft\WindowsApps;C:\Users\pankaj menariya\AppData\Roaming\npm;C:\Users\pankaj menariya\AppData\Local\Programs\Microsoft VS Code\bin;C:\Program Files\MongoDB\Server\5.0\bin;C:\Users\pankaj menariya\AppData\Local\Programs\mongosh\
USERNAME=pankaj menariya
OS=Windows_NT
PROCESSOR_IDENTIFIER=Intel64 Family 6 Model 61 Stepping 4, GenuineIntel



---------------  S Y S T E M  ---------------

OS: Windows 10 , 64 bit Build 19041 (10.0.19041.1466)

CPU:total 4 (initial active 4) (2 cores per cpu, 2 threads per core) family 6 model 61 stepping 4, cmov, cx8, fxsr, mmx, sse, sse2, sse3, ssse3, sse4.1, sse4.2, popcnt, avx, avx2, aes, clmul, erms, 3dnowpref, lzcnt, ht, tsc, tscinvbit, bmi1, bmi2, adx, fma

Memory: 4k page, system-wide physical 8101M (448M free)
TotalPageFile size 9601M (AvailPageFile size 49M)
current process WorkingSet (physical memory assigned to process): 9M, peak: 9M
current process commit charge ("private bytes"): 51M, peak: 179M

vm_info: Java HotSpot(TM) 64-Bit Server VM (11.0.2+9-LTS) for windows-amd64 JRE (11.0.2+9-LTS), built on Jan 18 2019 05:24:10 by "mach5one" with MS VC++ 15.5 (VS2017)

END.
